<?xml version="1.0" encoding="UTF-8"?>
<testng-results skipped="0" failed="2" ignored="0" total="5" passed="3">
  <reporter-output>
  </reporter-output>
  <suite name="Web Suite" duration-ms="64333" started-at="2020-09-20T00:58:18Z" finished-at="2020-09-20T00:59:22Z">
    <groups>
      <group name="SanityTest">
        <method signature="AppTest.verifyTitle()[pri:0, instance:com.fullstack.batch3.AppTest@6cc4c815]" name="verifyTitle" class="com.fullstack.batch3.AppTest"/>
      </group> <!-- SanityTest -->
      <group name="RegressionTest">
        <method signature="AppTest.loginWithCorrectCredentials()[pri:1, instance:com.fullstack.batch3.AppTest@6cc4c815]" name="loginWithCorrectCredentials" class="com.fullstack.batch3.AppTest"/>
      </group> <!-- RegressionTest -->
    </groups>
    <test name="Web Tests" duration-ms="64333" started-at="2020-09-20T00:58:18Z" finished-at="2020-09-20T00:59:22Z">
      <class name="com.fullstack.batch3.AppTest">
        <test-method status="PASS" signature="setUpAndInitialize()[pri:0, instance:com.fullstack.batch3.AppTest@6cc4c815]" name="setUpAndInitialize" is-config="true" duration-ms="2209" started-at="2020-09-20T00:58:18Z" finished-at="2020-09-20T00:58:20Z">
          <reporter-output>
          </reporter-output>
        </test-method> <!-- setUpAndInitialize -->
        <test-method status="PASS" signature="setUpAndInitialize()[pri:0, instance:com.fullstack.batch3.AppTest@6cc4c815]" name="setUpAndInitialize" is-config="true" duration-ms="2210" started-at="2020-09-20T00:58:18Z" finished-at="2020-09-20T00:58:20Z">
          <reporter-output>
          </reporter-output>
        </test-method> <!-- setUpAndInitialize -->
        <test-method status="PASS" signature="setUpAndInitialize()[pri:0, instance:com.fullstack.batch3.AppTest@6cc4c815]" name="setUpAndInitialize" is-config="true" duration-ms="2210" started-at="2020-09-20T00:58:18Z" finished-at="2020-09-20T00:58:20Z">
          <reporter-output>
          </reporter-output>
        </test-method> <!-- setUpAndInitialize -->
        <test-method status="PASS" signature="setUpAndInitialize()[pri:0, instance:com.fullstack.batch3.AppTest@6cc4c815]" name="setUpAndInitialize" is-config="true" duration-ms="2210" started-at="2020-09-20T00:58:18Z" finished-at="2020-09-20T00:58:20Z">
          <reporter-output>
          </reporter-output>
        </test-method> <!-- setUpAndInitialize -->
        <test-method status="PASS" signature="testJSScript()[pri:0, instance:com.fullstack.batch3.AppTest@6cc4c815]" name="testJSScript" duration-ms="5017" started-at="2020-09-20T00:58:20Z" finished-at="2020-09-20T00:58:25Z">
          <reporter-output>
          </reporter-output>
        </test-method> <!-- testJSScript -->
        <test-method status="FAIL" signature="verifyTitle()[pri:0, instance:com.fullstack.batch3.AppTest@6cc4c815]" name="verifyTitle" duration-ms="10149" started-at="2020-09-20T00:58:20Z" description="Verify that the title of website is correct" finished-at="2020-09-20T00:58:30Z">
          <exception class="java.lang.AssertionError">
            <message>
              <![CDATA[expected [Home] but found [Home -]]]>
            </message>
            <full-stacktrace>
              <![CDATA[java.lang.AssertionError: expected [Home] but found [Home -]
at org.testng.Assert.fail(Assert.java:96)
at org.testng.Assert.failNotEquals(Assert.java:776)
at org.testng.Assert.assertEqualsImpl(Assert.java:137)
at org.testng.Assert.assertEquals(Assert.java:118)
at org.testng.Assert.assertEquals(Assert.java:453)
at org.testng.Assert.assertEquals(Assert.java:463)
at com.fullstack.batch3.AppTest.verifyTitle(AppTest.java:35)
at sun.reflect.NativeMethodAccessorImpl.invoke0(Native Method)
at sun.reflect.NativeMethodAccessorImpl.invoke(NativeMethodAccessorImpl.java:62)
at sun.reflect.DelegatingMethodAccessorImpl.invoke(DelegatingMethodAccessorImpl.java:43)
at java.lang.reflect.Method.invoke(Method.java:498)
at org.testng.internal.MethodInvocationHelper.invokeMethod(MethodInvocationHelper.java:124)
at org.testng.internal.Invoker.invokeMethod(Invoker.java:583)
at org.testng.internal.Invoker.invokeTestMethod(Invoker.java:719)
at org.testng.internal.Invoker.invokeTestMethods(Invoker.java:989)
at org.testng.internal.TestMethodWorker.invokeTestMethods(TestMethodWorker.java:125)
at org.testng.internal.TestMethodWorker.run(TestMethodWorker.java:109)
at java.util.concurrent.ThreadPoolExecutor.runWorker(ThreadPoolExecutor.java:1149)
at java.util.concurrent.ThreadPoolExecutor$Worker.run(ThreadPoolExecutor.java:624)
at java.lang.Thread.run(Thread.java:748)
]]>
            </full-stacktrace>
          </exception> <!-- java.lang.AssertionError -->
          <reporter-output>
          </reporter-output>
        </test-method> <!-- verifyTitle -->
        <test-method status="PASS" signature="testNavigation()[pri:0, instance:com.fullstack.batch3.AppTest@6cc4c815]" name="testNavigation" duration-ms="38495" started-at="2020-09-20T00:58:20Z" finished-at="2020-09-20T00:58:58Z">
          <reporter-output>
          </reporter-output>
        </test-method> <!-- testNavigation -->
        <test-method status="PASS" signature="testSwitches()[pri:0, instance:com.fullstack.batch3.AppTest@6cc4c815]" name="testSwitches" duration-ms="10509" started-at="2020-09-20T00:58:20Z" finished-at="2020-09-20T00:58:30Z">
          <reporter-output>
          </reporter-output>
        </test-method> <!-- testSwitches -->
        <test-method status="PASS" signature="cleanUpActivities(org.testng.ITestResult)[pri:0, instance:com.fullstack.batch3.AppTest@6cc4c815]" name="cleanUpActivities" is-config="true" duration-ms="1066" started-at="2020-09-20T00:58:25Z" finished-at="2020-09-20T00:58:26Z">
          <params>
            <param index="0">
              <value>
                <![CDATA[[TestResult name=testJSScript status=SUCCESS method=AppTest.testJSScript()[pri:0, instance:com.fullstack.batch3.AppTest@6cc4c815] output={null}]]]>
              </value>
            </param>
          </params>
          <reporter-output>
          </reporter-output>
        </test-method> <!-- cleanUpActivities -->
        <test-method status="PASS" signature="cleanUpActivities(org.testng.ITestResult)[pri:0, instance:com.fullstack.batch3.AppTest@6cc4c815]" name="cleanUpActivities" is-config="true" duration-ms="1450" started-at="2020-09-20T00:58:30Z" finished-at="2020-09-20T00:58:31Z">
          <params>
            <param index="0">
              <value>
                <![CDATA[[TestResult name=verifyTitle status=FAILURE method=AppTest.verifyTitle()[pri:0, instance:com.fullstack.batch3.AppTest@6cc4c815] output={null}]]]>
              </value>
            </param>
          </params>
          <reporter-output>
          </reporter-output>
        </test-method> <!-- cleanUpActivities -->
        <test-method status="PASS" signature="cleanUpActivities(org.testng.ITestResult)[pri:0, instance:com.fullstack.batch3.AppTest@6cc4c815]" name="cleanUpActivities" is-config="true" duration-ms="1066" started-at="2020-09-20T00:58:30Z" finished-at="2020-09-20T00:58:31Z">
          <params>
            <param index="0">
              <value>
                <![CDATA[[TestResult name=testSwitches status=SUCCESS method=AppTest.testSwitches()[pri:0, instance:com.fullstack.batch3.AppTest@6cc4c815] output={null}]]]>
              </value>
            </param>
          </params>
          <reporter-output>
          </reporter-output>
        </test-method> <!-- cleanUpActivities -->
        <test-method status="PASS" signature="cleanUpActivities(org.testng.ITestResult)[pri:0, instance:com.fullstack.batch3.AppTest@6cc4c815]" name="cleanUpActivities" is-config="true" duration-ms="1068" started-at="2020-09-20T00:58:58Z" finished-at="2020-09-20T00:58:59Z">
          <params>
            <param index="0">
              <value>
                <![CDATA[[TestResult name=testNavigation status=SUCCESS method=AppTest.testNavigation()[pri:0, instance:com.fullstack.batch3.AppTest@6cc4c815] output={null}]]]>
              </value>
            </param>
          </params>
          <reporter-output>
          </reporter-output>
        </test-method> <!-- cleanUpActivities -->
        <test-method status="PASS" signature="setUpAndInitialize()[pri:0, instance:com.fullstack.batch3.AppTest@6cc4c815]" name="setUpAndInitialize" is-config="true" duration-ms="1164" started-at="2020-09-20T00:58:59Z" finished-at="2020-09-20T00:59:01Z">
          <reporter-output>
          </reporter-output>
        </test-method> <!-- setUpAndInitialize -->
        <test-method status="FAIL" signature="loginWithCorrectCredentials()[pri:1, instance:com.fullstack.batch3.AppTest@6cc4c815]" name="loginWithCorrectCredentials" duration-ms="20225" started-at="2020-09-20T00:59:01Z" description="Verify that login is working correctly with correct username and password" finished-at="2020-09-20T00:59:21Z">
          <exception class="org.openqa.selenium.WebDriverException">
            <message>
              <![CDATA[unknown error: net::ERR_NAME_NOT_RESOLVED
  (Session info: headless chrome=85.0.4183.83)
Build info: version: '4.0.0-alpha-6', revision: '5f43a29cfc'
System info: host: 'Rudreshrawr', ip: '127.0.1.1', os.name: 'Linux', os.arch: 'amd64', os.version: '5.4.0-47-generic', java.version: '1.8.0_265'
Driver info: org.openqa.selenium.chrome.ChromeDriver
Capabilities {acceptInsecureCerts: false, browserName: chrome, browserVersion: 85.0.4183.83, chrome: {chromedriverVersion: 85.0.4183.87 (cd6713ebf92fa..., userDataDir: /tmp/.com.google.Chrome.uNQtmu}, goog:chromeOptions: {debuggerAddress: localhost:41227}, javascriptEnabled: true, networkConnectionEnabled: false, pageLoadStrategy: normal, platform: LINUX, platformName: LINUX, proxy: Proxy(), setWindowRect: true, strictFileInteractability: false, timeouts: {implicit: 0, pageLoad: 300000, script: 30000}, unhandledPromptBehavior: dismiss and notify, webauthn:virtualAuthenticators: true}
Session ID: 4e9b77b9f7a68980602e2870662416de]]>
            </message>
            <full-stacktrace>
              <![CDATA[org.openqa.selenium.WebDriverException: unknown error: net::ERR_NAME_NOT_RESOLVED
  (Session info: headless chrome=85.0.4183.83)
Build info: version: '4.0.0-alpha-6', revision: '5f43a29cfc'
System info: host: 'Rudreshrawr', ip: '127.0.1.1', os.name: 'Linux', os.arch: 'amd64', os.version: '5.4.0-47-generic', java.version: '1.8.0_265'
Driver info: org.openqa.selenium.chrome.ChromeDriver
Capabilities {acceptInsecureCerts: false, browserName: chrome, browserVersion: 85.0.4183.83, chrome: {chromedriverVersion: 85.0.4183.87 (cd6713ebf92fa..., userDataDir: /tmp/.com.google.Chrome.uNQtmu}, goog:chromeOptions: {debuggerAddress: localhost:41227}, javascriptEnabled: true, networkConnectionEnabled: false, pageLoadStrategy: normal, platform: LINUX, platformName: LINUX, proxy: Proxy(), setWindowRect: true, strictFileInteractability: false, timeouts: {implicit: 0, pageLoad: 300000, script: 30000}, unhandledPromptBehavior: dismiss and notify, webauthn:virtualAuthenticators: true}
Session ID: 4e9b77b9f7a68980602e2870662416de
at sun.reflect.NativeConstructorAccessorImpl.newInstance0(Native Method)
at sun.reflect.NativeConstructorAccessorImpl.newInstance(NativeConstructorAccessorImpl.java:62)
at sun.reflect.DelegatingConstructorAccessorImpl.newInstance(DelegatingConstructorAccessorImpl.java:45)
at java.lang.reflect.Constructor.newInstance(Constructor.java:423)
at org.openqa.selenium.remote.codec.w3c.W3CHttpResponseCodec.createException(W3CHttpResponseCodec.java:196)
at org.openqa.selenium.remote.codec.w3c.W3CHttpResponseCodec.decode(W3CHttpResponseCodec.java:129)
at org.openqa.selenium.remote.codec.w3c.W3CHttpResponseCodec.decode(W3CHttpResponseCodec.java:53)
at org.openqa.selenium.remote.HttpCommandExecutor.execute(HttpCommandExecutor.java:160)
at org.openqa.selenium.remote.service.DriverCommandExecutor.execute(DriverCommandExecutor.java:83)
at org.openqa.selenium.remote.RemoteWebDriver.execute(RemoteWebDriver.java:582)
at org.openqa.selenium.remote.RemoteWebDriver.get(RemoteWebDriver.java:282)
at com.fullstack.batch3.BasePage.openUrl(BasePage.java:53)
at com.fullstack.batch3.AppTest.loginWithCorrectCredentials(AppTest.java:20)
at sun.reflect.NativeMethodAccessorImpl.invoke0(Native Method)
at sun.reflect.NativeMethodAccessorImpl.invoke(NativeMethodAccessorImpl.java:62)
at sun.reflect.DelegatingMethodAccessorImpl.invoke(DelegatingMethodAccessorImpl.java:43)
at java.lang.reflect.Method.invoke(Method.java:498)
at org.testng.internal.MethodInvocationHelper.invokeMethod(MethodInvocationHelper.java:124)
at org.testng.internal.Invoker.invokeMethod(Invoker.java:583)
at org.testng.internal.Invoker.invokeTestMethod(Invoker.java:719)
at org.testng.internal.Invoker.invokeTestMethods(Invoker.java:989)
at org.testng.internal.TestMethodWorker.invokeTestMethods(TestMethodWorker.java:125)
at org.testng.internal.TestMethodWorker.run(TestMethodWorker.java:109)
at java.util.concurrent.ThreadPoolExecutor.runWorker(ThreadPoolExecutor.java:1149)
at java.util.concurrent.ThreadPoolExecutor$Worker.run(ThreadPoolExecutor.java:624)
at java.lang.Thread.run(Thread.java:748)
]]>
            </full-stacktrace>
          </exception> <!-- org.openqa.selenium.WebDriverException -->
          <reporter-output>
          </reporter-output>
        </test-method> <!-- loginWithCorrectCredentials -->
        <test-method status="PASS" signature="cleanUpActivities(org.testng.ITestResult)[pri:0, instance:com.fullstack.batch3.AppTest@6cc4c815]" name="cleanUpActivities" is-config="true" duration-ms="1158" started-at="2020-09-20T00:59:21Z" finished-at="2020-09-20T00:59:22Z">
          <params>
            <param index="0">
              <value>
                <![CDATA[[TestResult name=loginWithCorrectCredentials status=FAILURE method=AppTest.loginWithCorrectCredentials()[pri:1, instance:com.fullstack.batch3.AppTest@6cc4c815] output={null}]]]>
              </value>
            </param>
          </params>
          <reporter-output>
          </reporter-output>
        </test-method> <!-- cleanUpActivities -->
      </class> <!-- com.fullstack.batch3.AppTest -->
    </test> <!-- Web Tests -->
  </suite> <!-- Web Suite -->
</testng-results>
